
 31263
  30639
： 12781
」 6519
「 6519
？ 4806
！ 2978
的 2312
國民黨 2253
蔡 1934
、 1925
柯 1856
是 1797
不 1774
P 1725
英文 1557
馬 1516
台灣 1401
被 1347
... 1343
立委 1295
了 1213
網友 1092
朱立倫 1092
陳 1090
小英 1066
民進黨 1044
總統 1043
有 1026
︰ 1017
中國 993
洪秀柱 988
我 976
要 933
人 883
… 809
》 801
他 786
會 784
柯文 780
馬英九 744
與 730
在 723
為 713
議員 696
都 677
哲 652
說 647
大 606
讓 573
沒 567
就 551
3 546
中 544
朱 516
黃 482
年 469
宋楚瑜 466
批 460
王金平 460
市府 453
2 445
新 441
政府 436
參選 434
後 433
也 427
好 425
台 424
再 423
嗆 422
對 417
立院 416
《 413
主席 410
民調 400
黃國 397
兩岸 395
政策 379
遭 377
選舉 375
市長 374
國會 373
爆 371
將 370
又 370
政治 361
看 360
要求 357
段 357
賴清德 349
支持 347
做 346
當選 336
你 336
課綱 333
和 333
昌 329
爭議 328
力量 326
時代 324
這樣 324
4 322
案 315
黨 314
北 312
習會 307
蔡正元 307
8 304
談 304
問題 303
沒有 299
王如玄 299
到 298
不是 297
藍營 295
前 295
月 294
很 291
這 291
選 287
她 284
萬 282
轟 281
改革 280
日 279
提 274
應 273
1 273
宜康 270
藍 270
嗎 266
新北 265
挺 264
， 260
學生 260
讚 259
政黨 255
綠營 255
5 251
打 245
誰 244
成立 243
抗議 243
/ 242
6 241
質疑 240
若 240
未 239
曾 237
才 237
換柱 235
臉書 235
不要 235
去 234
陳建仁 232
最 232
分區 231
赴 230
共識 229
砲 227
多 226
回應 225
副 224
自己 223
宣布 223
人民 223
盼 222
就是 220
候選人 218
稱 218
什麼 217
小 217
推 216
副手 216
票 215
自由 212
媒體 211
道歉 211
反 211
黨產 211
10 210
傳 210
辯論 209
已 209
想 208
主委 207
上 207
％ 207
向 206
台南 206
個 205
郝龍斌 205
可能 203
羅 202
用 202
7 201
競選 200
學者 200
洪 200
來 198
投票 197
出席 197
李登輝 197
不會 197
議會 196
拚 195
林全 192
條例 190
洪慈庸 187
人渣 187
跟 187
把 187
新聞 186
執政 186
國家 186
選情 185
藍委 184
不能 184
當 182
事 180
文本 180
台聯 177
一中 176
民主 176
參加 175
只 173
成 173
邱毅 173
連戰 172
質詢 170
處理 170
林昶佐 170
億 168
拿 168
宋 167
通過 167
總部 165
巨蛋 165
綠 164
打臉 164
希望 163
更 163
卻 163
520 163
開 163
藍綠 162
創辦人 162
代表 162
台北 161
林佳龍 161
重點 161
預算 160
肯亞 160
登記 158
新政府 158
開放 158
李全教 156
話 156
總統府 154
綠委 154
國防部 154
林 154
比 154
仍 153
建議 152
未來 151
輔選 149
找 149
菊 149
可 149
酸 149
大家 148
大選 148
曝光 147
9 146
等 146
籲 145
不滿 145
花媽 145
劉文雄 144
政院 143
柯建銘 143
謝長廷 142
過半 142
協商 142
啦 142
高 142
提案 141
別 141
是否 140
九二 139
喊 139
就職 139
最後 139
蘇嘉全 138
像 138
事件 138
社會 137
青年 136
翁 136
明年 136
今 136
吳敦義 136
張善政 136
公布 136
我們 135
民眾 135
掃街 134
市 134
經濟 134
站台 133
美 132
日本 132
之 132
弔唁 131
閱兵 131
罵 130
這麼 130
抹黑 129
出 128
呼籲 128
三 128
挑戰 127
無 126
黑箱 125
憲兵 125
第 125
以 124
南 124
周玉蔻 124
回 124
痛批 124
WHA 123
參選人 122
選區 122
正義 122
太 122
力挺 122
外交部 122
造勢 121
／ 121
院長 121
報告 121
地方 121
最大 120
走 120
王 120
聯盟 120
合作 119
高雄 119
選戰 119
敏惠 119
辦 119
其邁 119
王定宇 119
下 118
名單 118
台獨 118
推動 118
選前 117
送 117
李 117
政見會 116
惹議 116
施明德 116
登場 115
教育部 115
官員 115
一覽 114
各報 114
鄉民 114
決定 114
吳 114
影片 113
爆料 113
這個 113
女 113
歷史 112
府 112
尊重 112
王如 112
國際 111
鍾 111
請 111
年輕人 111
交接 111
無法 111
明 111
公開 110
下台 110
反對 110
賄選 110
但 109
一個 109
怎麼 108
重要 108
還 108
12 108
從 107
不同 107
議長 107
席 107
變 107
違法 106
接受 106
思華 106
原因 106
苗栗 106
南市 106
PO 106
挺柱 105
調查 105
法 105
蘇貞昌 105
內閣 104
和平 104
姚立明 103
監院 103
站 102
楊實秋 102
大仁哥 102
面對 102
北市 101
桃園 101
天 101
拜票 101
臉 101
地 101
啟惠 101
一 101
美國 100
記者會 100
笑 100
黨部 100
如何 99
能 99
市議會 99
為何 99
（ 98
議題 98
花 98
非 98
228 98
） 98
團結 97
柱柱姐 97
選民 97
吃 97
喊話 97
市議員 97
黃安 97
勞工 96
影響 96
會議 96
搶 95
解決 95
軍方 94
轉型 94
賴神 94
先 94
國 94
真 94
關係 94
竟 93
投 93
親民黨 93
給 92
張揆 92
民意 92
分析 92
中央 92
20 92
太平島 92
堅持 92
歲 91
退選 91
扁 91
檢討 91
澄清 91
起訴 91
連署 90
國慶 90
人事 90
監督 90
第一 90
一定 90
該 89
政績 89
取消 89
一起 89
感謝 89
假 89
法務部 88
照 88
真的 88
徐 88
首長 88
彈劾 88
指 88
還是 88
字 88
陸委會 88
涉 88
參與 87
發展 87
一句 87
張 87
這些 87
團 87
出來 86
加入 86
瑩雪 86
現身 86
完成 86
護照 86
2016 86
昆輝 85
可以 85
柱姐 85
中華民國 85
公道 85
部長 85
團隊 84
中心 84
挨批 84
補選 83
不到 83
行政院 83
原來 83
陪 83
表態 83
派 83
改 83
軍 82
他們 82
活動 82
承諾 82
軍宅 82
搜索 82
全國 82
知道 81
怒 81
11 81
連 81
討論 81
責任 81
支持者 81
太陽 81
縣長 80
得 80
請辭 80
自爆 80
選票 80
局長 80
元 80
臨時 79
鄭文燦 79
對手 79
卡 79
恐 79
兩岸關係 79
提名 78
論壇 78
一樣 78
跑 78
否認 78
產業 78
教育 78
還有 78
伯 77
網路 77
主權 77
化 77
人選 77
辦公室 77
基隆 77
全 77
確定 77
安全 77
風波 77
清楚 76
% 76
億元 75
民國 75
辭職 75
廣告 75
社民黨 75
嘆 74
吳思瑤 74
本土 74
馮光遠 74
強調 73
美豬 73
沖 73
帶 73
說明 73
募款 73
18 73
30 73
委員會 73
爭取 73
: 72
立法院 72
總統大選 72
名嘴 72
首度 72
透露 72
現在 72
立場 72
人士 72
政見 72
國旗 72
後援會 71
整合 71
游錫堃 71
永明 71
改變 71
司法 71
50 71
颱風 70
瑜 70
主張 70
遊行 70
工作 70
- 70
李新 70
登 69
直播 69
歡迎 69
屏東 69
超 69
署 69
及 69
因 68
肯定 68
那 68
宜蘭 68
補助 68
市民 68
懂 68
雲林 68
上任 68
記者 68
提告 68
因為 68
牌 67
15 67
催票 67
廢 67
只有 67
最高 67
黃帝 67
市場 67
彰化 67
芳明 67
邀 67
訪美 67
龍頭 67
駁斥 67
遠雄 67
次 67
文化 66
高層 66
剩 66
黨內 66
捷運 66
第三 66
穎 66
台商 66
南海 66
出爐 66
拆 66
行程 66
機會 65
準備 65
退出 65
幫 65
吧 65
無效 65
退休 65
努力 65
苗 65
過 65
引 65
監委 64
Ｐ 64
做好 64
客家 64
土地 64
律師 64
拜會 64
勢力 64
獻金 64
波卡 64
北京 64
非常 64
財產 63
餐會 63
施政 63
蔡其昌 63
認為 63
諷 63
修法 63
朝野 63
呂秋遠 63
新黨 63
黨團 63
台大 63
需要 63
胡志強 62
基層 62
參訪 62
外交 62
立法 62
期待 62
表達 62
林冠 62
放棄 62
小豬 62
或 62
政權 62
快 62
毛揆 62
悠遊 62
表現 62
著 62
人員 62
計畫 61
小時 61
KMT 61
不當 61
分 61
卸任 61
空間 61
跳票 61
珊 61
時間 61
進 61
勿 61
錢 61
助選 60
中研院 60
行動 60
哽咽 60
公民 60
千萬 60
指控 60
擔心 60
敗選 60
負責 60
買 60
週年 60
批馬 59
度 59
帶職 59
擋 59
聲 59
者 58
特赦 58
明天 58
打造 58
動員 58
習近平 58
怕 58
挨 58
致中 58
哪 58
專訪 58
接任 58
無罪 58
戰 58
郁慕明 58
國安 58
認同 58
團體 58
替 58
文件 58
目標 58
叫 58
圖 57
看到 57
佩琪 57
台中市 57
同台 57
16 57
張景森 57
世界 57
教授 57
點名 57
交通 57
自行 57
完 57
遺憾 57
搭 57
如 57
中市 57
習 57
柱柱 57
發言人 56
里長 56
炒 56
路 56
啊 56
立言 56
不敢 56
鼓勵 56
申報 56
連勝文 56
? 56
任內 56
國父 56
大運 56
你們 56
幕僚 56
全民 56
飛彈 56
維持現狀 55
證實 55
公務員 55
周子 55
企業 55
王丹 55
反擊 55
一日 55
原則 55
換 55
照片 55
萬元 55
法案 55
放 55
阿扁 55
管碧玲 55
辯論會 54
文 54
有人 54
不夠 54
年前 54
貼 54
華 54
工程 54
14 54
呂秀蓮 54
影音 54
同意 54
高市 54
全面 54
夏 53
分鐘 53
逾 53
昇 53
今天 53
攻擊 53
妃 53
貨貿 53
返鄉 53
翻轉 53
加油 53
點 53
過去 53
卡式 53
阿嬤 53
紀念 53
水牛 53
難 53
草案 53
搞 53
高志 53
秘書長 53
選將 53
秀 53
柱 53
投資 53
到底 53
協議 53
溝通 53
週刊 53
受 52
發表 52
頂 52
穿 52
情 52
告 52
談判 52
開始 52
時力 52
人氣 52
財政 52
很多 52
承認 52
反省 52
文化部 52
繼續 52
星期 52
紀國 52
徵召 52
關心 52
台胞 51
陣營 51
棟 51
中常會 51
名 51
三讀 51
台人 51
擬 51
考慮 51
吳育 51
花蓮 51
聲明 51
300 51
下午 51
理由 51
成功 51
書 51
阿帕契 51
訪 50
法律 50
人物 50
任 50
救災 50
演說 50
超過 50
神 50
內政部 50
下週 50
發文 50
回來 50
雙塔 49
世 49
蔣 49
設 49
林飛帆 49
鄭正 49
淑蕾 49
決議 49
會談 49
亭 49
縣府 49
位 49
鈐 49
鳥 49
一張 49
意外 49
國軍 49
台灣國 49
運動 49
落選 49
版 48
國台 48
關鍵 48
萬人 48
100 48
國防 48
相信 48
申請 48
獲 48
由 48
提醒 48
罷免 48
制度 48
一週 48
起 48
公司 48
相挺 48
處長 48
信心 48
淡水 48
首位 48
王世堅 48
捍衛 48
寫 47
總預算 47
召開 47
登革熱 47
新竹 47
出任 47
員工 47
不再 47
市政 47
時 47
法院 47
中共 47
霸氣 47
微調 47
徐耀昌 47
持續 47
內 47
嚴重 46
行 46
國人 46
秒 46
之爭 46
郝 46
恐嚇 46
至 46
考量 46
證 46
綠社盟 46
高鐵 46
不好 46
學運 46
這件 46
主持 46
不知 46
開除 46
列 46
啟動 46
近 46
滿意度 46
退 46
初審 45
修正 45
改善 45
覺得 45
其 45
席次 45
引發 45
服務 45
區 45
姚文智 45
漁船 45
宣傳 45
缺席 45
不用 45
見 45
中立 45
退黨 45
徐弘庭 45
姊 44
鄭運鵬 44
世代 44
徐欣瑩 44
金 44
第二 44
媽祖 44
只是 44
道 44
大會 44
演講 44
機場 44
蔡丁貴 44
資格 44
揆 44
聽 44
林郁方 44
靠 44
壓力 44
博雅 44
學聖 44
譴責 44
翻 43
市黨部 43
雙城 43
晃 43
抓 43
黨員 43
校園 43
全會 43
協調 43
迴避 43
晚會 43
需 43
態度 43
輪替 43
暴力 43
組閣 43
門檻 43
小組 43
各表 43
解約 43
民團 43
差 43
之夜 43
還要 43
家屬 43
真正 43
倒數 43
排除 43
星雲 43
觀察 43
失望 42
這次 42
節目 42
併 42
來台 42
重視 42
謝龍介 42
傷害 42
完全 42
助理 42
自嘲 42
講 42
結束 42
打壓 42
反應 42
機制 42
最新 42
老 42
教長 42
就職典禮 42
齊 42
訪日 42
年金 42
扯 42
薪水 42
濁水 42
聲援 42
根本 42
建立 42
即 41
撤告 41
偉哲 41
女性 41
黃智賢 41
更好 41
女兒 41
維持 41
視察 41
一次 41
媽媽 41
救 41
趴 41
邀請函 41
自稱 41
坐 41
原住民 41
協助 41
上班 41
共 41
備詢 41
照顧 41
呂孫綾 41
促 41
郭 41
公投 41
抗戰 41
對決 41
糾正 41
13 41
苗縣 41
審查 41
醫師 41
八仙 41
TPP 41
. 41
準 40
贊成 40
澎湖 40
集 40
這是 40
聯合 40
縣市 40
台中 40
焦點 40
介入 40
大戰 40
愛 40
力 40
智庫 40
統一 40
不過 40
為廷 40
政 40
鵬 40
停止 40
烏龍 40
告訴 40
妹 40
大事 40
別人 40
萬安 40
起來 40
同表 40
失言 40
中正 39
發言 39
住宅 39
少 39
25 39
所 39
當年 39
怒批 39
出現 39
中資 39
首次 39
立 39
一天 39
真相 39
人權 39
那麼 39
出訪 39
車隊 39
不足 39
願 39
式 39
共同 39
動作 39
和解 39
手機 39
丁守中 39
能力 38
張承中 38
廢死 38
.... 38
海外 38
捐 38
證明 38
監察院 38
嘉義 38
住 38
南投 38
規劃 38
延燒 38
衝刺 38
再度 38
拒絕 38
Freddy 38
客 38
外界 38
協會 38
返台 38
死 38
經費 38
防 38
跳船 38
大學 38
復興 37
合照 37
杯葛 37
邱顯智 37
AIT 37
領先 37
座談 37
不斷 37
競 37
新北市 37
捨 37
電視 37
館 37
民粹 37
承擔 37
幸福 37
投入 37
NCC 37
海巡 37
不在 37
基本 37
事實 37
警察 37
暫緩 37
設計 37
暫停 37
接 37
17 37
臨 37
全力 37
有感 37
回答 37
辭 37
關注 37
忘 37
40 37
智慧 37
問 37
治國 36
亂 36
很大 36
梁文傑 36
全球 36
署長 36
故事 36
行政 36
男 36
賣 36
╱ 36
終於 36
重大 36
憂 36
意見 36
搶攻 36
憲法 36
件 36
分享 36
須 36
戰神 36
被告 36
竟然 36
民間 36
長 36
回家 36
背後 36
趙 36
致詞 36
李全 36
任期 36
演習 36
銅像 36
文宣 36
漢光 36
王時 36
連任 36
環保 35
鄉親 35
提出 35
社子島 35
互動 35
國宴 35
割 35
現場 35
一年 35
炒地皮 35
見面 35
這張 35
積極 35
機關槍 35
貼紙 35
林欽榮 35
號召 35
深藍 35
噓 35
價值 35
拒 35
財團 35
獨 35
出面 35
PTT 35
勞動部 35
這招 35
急 35
公宅 35
港 35
亮相 35
如果 35
政壇 35
祝福 35
包 35
內容 35
揚言 35
致歉 35
看板 35
獨家 35
重申 35
重新 35
不如 35
刪 35
精神 35
發 35
慶元 35
防疫 34
抽籤 34
地震 34
獨立 34
王炳忠 34
僅 34
封殺 34
改選 34
留言 34
收 34
調 34
衝突 34
19 34
負面 34
其實 34
專家 34
浪費 34
食安 34
顏寬恒 34
雲 34
預測 34
回娘家 34
交鋒 34
母親 34
蓋 34
心中 34
直呼 34
坦承 34
總 34
開心 34
分裂 34
自 34
閣員 34
IS 34
已經 34
專業 34
這句 34
毛 34
清德 34
不得 34
感覺 34
台日 34
錯誤 34
拉 34
電價 34
非法 34
李富城 34
學歷 34
閣揆 33
拉票 33
宿舍 33
條款 33
心情 33
中選會 33
請假 33
軍人 33
基金會 33
兩 33
前夕 33
最好 33
檔案 33
今晚 33
錫山 33
出國 33
林義雄 33
張慶忠 33
林淑芬 33
丟 33
保證 33
成為 33
唱 33
失敗 33
葆 33
專論 33
目前 33
還在 33
蕭美琴 33
竟是 33
巴拿馬 33
不該 33
潮 33
危機 33
撤 33
倒 33
破壞 33
贈 33
印尼 33
應該 33
22 33
黨魁 33
宣示 33
提前 33
落後 33
遭批 32
無奈 32
本 32
上路 32
台南市 32
老宋 32
對立 32
罰 32
批評 32
里 32
而 32
拍 32
執行長 32
眷村 32
不想 32
陳德銘 32
追思 32
漁業 32
就職演說 32
法官 32
坦言 32
李遠哲 32
入閣 32
祈福 32
園區 32
錯 32
經驗 32
辭呈 32
闌尾 32
報導 32
風暴 32
全文 32
加薪 32
捐款 32
順利 32
開票 32
學校 32
謝票 32
政見發表 32
搓 32
張志軍 32
點亮 32
李正皓 32
首都 32
荒謬 32
金門 32
內政部長 32
哭 32
早就 32
利益 32
200 32
廢除 32
雙方 31
郝柏村 31
何不 31
移民 31
佔領 31
內湖 31
辦法 31
選擇 31
獨派 31
年輕 31
唯一 31
孩子 31
低調 31
上台 31
粉絲 31
組 31
穩定 31
神回 31
城市 31
不見 31
施壓 31
拷秋勤 31
白色恐怖 31
冠英 31
資料 31
宅 31
收到 31
陷 31
中華 31
去年 31
竹市 31
效應 31
只能 31
艱困 31
至少 31
從政 31
外 30
做滿 30
五 30
玩 30
警 30
大法官 30
恢復 30
祭 30
適應 30
專案 30
高喊 30
兩個 30
一直 30
造成 30
正 30
落實 30
補助款 30
角色 30
同 30
存在 30
解釋 30
新書 30
父親 30
一點 30
提供 30
萬票 30
修正案 30
史上 30
慰安婦 30
護漁 30
全代會 30
主任 30
朋友 30
感情 30
調整 30
辭世 30
會後 30
了解 30
無能 30
扣押 30
.. 30
領導 30
林榮 30
有關 30
詐騙 30
領導人 30
我會 30
疫情 30
威仁 30
阿 30
看法 30
婉拒 30
公車 30
達 30
23 30
四川 30
握手 30
健康 30
冷 30
路線 30
最快 29
感動 29
生 29
進步 29
年底 29
柯媽 29
對台 29
突破 29
鄉長 29
適合 29
否則 29
善意 29
正式 29
消費 29
早 29
台北市 29
自主 29
超級 29
處 29
李應元 29
交代 29
疑 29
新內閣 29
司馬 29
知 29
推爆 29
皆 29
逼 29
不讓 29
布條 29
次長 29
小心 29
砍 29
鄭麗君 29
衛福部 29
今年 29
改口 29
幫助 29
新科 29
推薦 29
陳水扁 29
滿意 29
降 29
朱批 29
樟 29
21 29
軍公教 29
演練 29
恐攻 29
們 29
半 29
加強 29
推出 29
顧立雄 29
正副 29
可望 29
訴求 29
觀光 28
限制 28
交流 28
合法 28
苗栗縣 28
逆轉 28
納入 28
南向 28
研議 28
中媒 28
戰機 28
救援 28
點出 28
搶救 28
玄軍宅 28
處分 28
比較 28
嬤 28
舊 28
飛官 28
民 28
消失 28
賴 28
掌 28
尷尬 28
生變 28
簽署 28
張榮味 28
週六 28
常委 28
熱線 28
頒獎 28
劉建國 28
程序 28
增加 28
外勞 28
審 28
張顯耀 28
展現 28
定 28
檢舉 28
免費 28
便當 28
區域 28
呂學 28
農民 28
暖 28
做事 28
再起 28
基金 28
喔 28
開發 28
楊 28
舉辦 28
資產 28
美女 28
英 28
亮點 28
死亡 28
宇昌案 28
遺像 27
濫 27
倪重華 27
柳林 27
不怕 27
怪 27
發現 27
成果 27
包容 27
國安局 27
蔡煌瑯 27
違反 27
祝賀 27
顧問 27
奇怪 27
超越 27
控 27
友邦 27
破 27
蔻 27
二 27
感到 27
發聲 27
內幕 27
呢 27
合體 27
鍘 27
我國 27
優先 27
忙 27
跨 27
任務 27
項 27
還沒 27
垃圾 27
騎 27
海域 27
掉 27
92 27
號次 27
阿伯 27
暫 27
預言 27
達成 27
天下 27
判 27
公文 27
亞洲 27
輸 27
信任 27
擴大 27
衝 27
規定 27
創新 27
定案 27
多數黨 27
說話 27
27 27
洪辦 27
思考 27
賺 27
哥 27
舉行 27
姚立 27
鬼 27
津貼 27
兩人 27
瑋 27
工人 27
許 27
軍艦 26
街頭 26
諷刺 26
公安 26
王定 26
妳 26
崩潰 26
破產 26
笑稱 26
身分 26
才能 26
沒收 26
百萬 26
募兵 26
投書 26
徐巧 26
正常 26
探視 26
操作 26
故宮 26
國發 26
晚安 26
農業 26
多少 26
提高 26
發起 26
業者 26
開議 26
只要 26
歧視 26
騙 26
楊偉中 26
提問 26
中方 26
冷眼 26
強化 26
60 26
條件 26
解放軍 26
策略 26
圖利 26
親自 26
證所稅 26
生日 26
空軍 26
張嘉郡 26
單位 26
駁 26
白狼 26
回去 26
令人 26
哪裡 26
評論 26
恐怖 26
建設 26
糗 26
進行 26
嫌 26
滿 26
24 26
縣議員 26
有點 26
困境 25
邱 25
黨鞭 25
公共 25
鴻 25
戰略 25
執政黨 25
廠商 25
形象 25
賣台 25
惹 25
悲哀 25
兩會 25
開會 25
換人 25
不可 25
賄選案 25
所有 25
結論 25
每天 25
勝 25
實 25
海基會 25
朱立 25
存款 25
發動 25
喜歡 25
竹縣 25
徵詢 25
徐國 25
憤怒 25
較 25
病逝 25
配合 25
升旗 25
等於 25
樺 25
復 25
鄭 25
說謊 25
對談 25
許信良 25
加 25
針對 25
朱上 25
巴黎 25
董事長 25
發生 25
反駁 25
釣魚 25
中轉 25
評 25
當然 25
透明 25
涉賄 25
踹 25
張碩文 25
尊嚴 25
離開 25
民代 25
進入 25
芯 25
必要 25
貪 25
號 24
戴 24
全壘打 24
復工 24
展開 24
理念 24
線 24
周刊 24
赴美 24
口誤 24
松機 24
公園 24
郭正亮 24
26 24
獎金 24
弱勢 24
收賄 24
力推 24
誠信 24
家人 24
怎樣 24
勝選 24
公辦 24
值得 24
農產品 24
人數 24
口 24
只會 24
單車 24
首場 24
校長 24
總成 24
座談會 24
難過 24
高嘉瑜 24
對話 24
欲 24
會場 24
直接 24
敗訴 24
陪同 24
不選 24
抗日 24
駐台 24
兩國論 24
小孩 24
無人 24
百億 24
勇敢 24
SOP 24
北捷 24
面臨 24
薰 24
修 24
貢獻 24
代理 24
亞太 24
賠償 24
儘速 24
俸 24
角逐 24
出庭 24
白領 24
文化部長 24
矮化 24
咖 24
忠孝 24
部 24
方式 24
陣線 24
切割 24
改名 24
謝 24
交通部 24
這裡 24
避免 23
驚 23
兄弟 23
談話 23
2.0 23
大樓 23
評估 23
兼職 23
LINE 23
電影 23
拋 23
船 23
說出 23
噴漆 23
保護 23
佳濱 23
週五 23
參政 23
綠色 23
公里 23
委員 23
英仁配 23
被控 23
戰爭 23
選黨 23
板橋 23
35 23
三重 23
同屬 23
到場 23
傾向 23
人才 23
瑞隆 23
檢察官 23
海軍 23
一步 23
外媒 23
廳 23
總辭 23
役 23
簽 23
潘孟安 23
擱置 23
拖 23
上海 23
參觀 23
查 23
銘 23
自豪 23
安倍 23
演 23
曹啟 23
延宕 23
社團 23
期許 23
宜縣 23
比喻 23
嘉縣 23
信 23
監票 23
先生 23
意識 23
無黨籍 23
兒少 23
拆除 23
發放 23
創意 23
劉政鴻 23
製造 23
婚姻 23
紅十字會 23
變成 23
聲音 23
外賓 22
抄襲 22
聲請 22
大陸 22
花冠 22
車 22
楊瓊瓔 22
執行 22
大人 22
幕後 22
洗版 22
感受 22
巧遇 22
組織 22
宜康批 22
追討 22
習慣 22
言論自由 22
林奏延 22
買票 22
高中 22
弊案 22
六 22
馬尾 22
維護 22
前進 22
官 22
相關 22
違規 22
估 22
震災 22
方案 22
錄影 22
第一名 22
替代 22
落跑 22
紀念堂 22
明顯 22
死刑 22
標準 22
紀錄 22
現任 22
指揮 22
王浩宇 22
疑雲 22
管 22
台東 22
展 22
完整 22
下架 22
困難 22
熱情 22
網站 22
解密 22
薪資 22
表決 22
預告 22
賴士 22
訓練 22
判決 22
任何 22
阿公 22
終結 22
飛機 22
機車 22
國共 22
戰力 22
英國 22
女人 22
尋求 22
研究 22
勸 22
孬 22
慰留 22
迎接 22
國造 22
熱門 22
大學生 22
口號 22
常德 22
鄭捷 22
詐欺 22
年來 22
基進 22
部署 21
白 21
樂觀 21
波 21
走向 21
先知 21
秘密 21
賀陳旦 21
特殊性 21
三讀通過 21
平台 21
緊張 21
記名投票 21
正面 21
生技 21
秦金生 21
昭順 21
蘇 21
淘汰 21
職 21
禁 21
申論 21
台海 21
權力 21
公帑 21
其他 21
70 21
過程 21
爆發 21
言論 21
廣電 21
斥 21
擁 21
同志 21
擔任 21
服貿 21
環團 21
怎麼辦 21
大幅 21
之旅 21
揭密 21
公平 21
退場 21
岳父 21
婦女 21
選罷法 21
呂欣潔 21
棒球 21
i 21
決心 21
教育部長 21
感嘆 21
海報 21
管媽 21
一路 21
夢想 21
何時 21
這種 21
基地 21
官司 21
鐵票 21
王曉波 21
攻 21
實施 21
愛台灣 21
認真 21
心 21
黨代表 21
個人 21
蘇巧慧 21
槍決 21
籌組 21
黨務 21
全台 21
零 21
快樂 21
AT 21
來自 21
踢 21
月底 21
應先 21
評鑑 21
續 21
資深 21
婆 21
如玄 21
基本工資 21
柱下 21
打氣 21
作業 21
藉 21
預備金 21
黨派 21
2020 21
黨政 21
會面 21
透視 21
留 21
批小英 21
行為 21
投票率 21
軍宅案 21
全程 21
林智堅 21
懲處 21
綠委批 21
張善 21
董淑貞 21
打算 20
自信 20
醫生 20
比照 20
綁 20
護航 20
環境 20
賴素 20
A 20
日至 20
侯友宜 20
作 20
曾銘宗 20
主打 20
費鴻泰 20
自殺 20
手法 20
焄 20
朱提 20
如期 20
說好 20
三線 20
這點 20
幫忙 20
鞠躬 20
鄭弘儀 20
答案 20
反制 20
居民 20
朱王 20
納 20
國防部長 20
被捕 20
簽名 20
萁 20
意願 20
依法 20
交換 20
李彥 20
家族 20
反恐 20
模式 20
入 20
電話 20
永樂 20
對不起 20
李婉鈺 20
不必 20
新舊 20
宛如 20
學習 20
募兵制 20
助陣 20
權 20
歐 20
硬 20
孫女 20
開幕 20
綠黨 20
特別 20
邱太三 20
危險 20
釋放 20
吳秉叡 20
破局 20
安保 20
老屋 20
接見 20
允諾 20
艦 20
接待 20
絕不 20
金河 20
掀 20
台灣黨 20
彭 20
黃東 20
抬 20
教 20
所得 20
受難者 20
吃飯 20
鳥礁 20
板 20
抵制 20
教師 20
乾脆 20
VS 20
模擬 20
請益 20
妻 20
45 20
報 20
老師 20
盤 20
大馬 20
收費 20
槓上 20
慶祝 20
下屆 20
謝龍 20
讞 20
道德 20
香港 20
絕對 20
躲 20
因素 20
權益 20
巴馬 20
採購 20
警告 19
屏縣 19
教部 19
妹妹 19
痛斥 19
提早 19
低 19
豬 19
戴季全 19
判刑 19
願意 19
辛苦 19
第一個 19
搜 19
318 19
減少 19
想要 19
少將 19
曝 19
昔日 19
傳聞 19
過關 19
動用 19
桃園市 19
鬆口 19
嗡嗡 19
約談 19
倒退 19
一生 19
有無 19
兒子 19
閉關 19
劉 19
會期 19
傅 19
想到 19
於 19
經國 19
關切 19
謝志忠 19
離譜 19
2018 19
好好 19
停權 19
不管 19
卓冠廷 19
頭 19
橋 19
追求 19
蔣介石 19
委會 19
一度 19
每年 19
林聰賢 19
明文 19
三立 19
無恥 19
正名 19
宣判 19
勞基法 19
中南部 19
中捷 19
余 19
拜訪 19
農委會 19
轉彎 19
批蔡 19
啟用 19
私下 19
成員 19
清白 19
佔 19
不成 19
塵爆 19
怨 19
人生 19
發聲明 19
退回 19
型 19
重返 19
移送 19
派出所 19
余天 19
誓言 19
勝利 19
老人 19
南部 19
中客 19
遞補 19
就任 19
清算 19
看好 19
倉庫 19
後悔 18
將成 18
通車 18
邏輯 18
鞏固 18
永遠 18
致敬 18
贏 18
錄音 18
安排 18
政次 18
楊偉 18
有助 18
農舍 18
心疼 18
兩年 18
看衰 18
背書 18
難怪 18
公聽會 18
土壤 18
正毅 18
圓仔湯 18
鎮長 18
專機 18
加速 18
宜 18
成就 18
語言 18
童 18
因應 18
畫 18
鬥 18
行銷 18
貼文 18
搬 18
蘇治芬 18
沒用 18
警方 18
不了 18
不知情 18
台美 18
畫面 18
周美青 18
駐 18
何 18
傻眼 18
賠 18
鄭南榕 18
吳志揚 18
感恩 18
星期天 18
中嘉案 18
香 18
資源 18
魏國 18
國歌 18
取代 18
延續 18
數據 18
威脅 18
北檢 18
四 18
施政報告 18
率 18
認錯 18
優勢 18
重啟 18
布局 18
經濟部 18
強力 18
表演 18
美方 18
認證 18
難得 18
短褲 18
豪宅 18
麵 18
意義 18
故鄉 18
空心 18
殉職 18
資訊 18
落幕 18
輕軌 18
團批 18
買單 18
注意 18
每 18
遇 18
浩鼎案 18
竹 18
統派 18
李慶華 18
聰明 18
過後 18
猛 18
撞 18
漁民 18
側翼 18
李進勇 18
再說 18
批馬習 18
公投法 18
悲劇 18
有些 18
體驗 18
日媒 18
緊咬 18
討厭 18
潛艦 18
開講 18
部隊 18
低薪 18
兩黨 18
史觀 18
做到 18
內政 18
元旦 18
說法 18
領表 18
世紀 18
文明 18
局處 18
凱道 18
倡議 18
躺 18
頻 18
胡 18
差距 18
喊冤 18
自救 18
液化 18
浩鼎 18
崐 18
偵辦 18
偉大 17
漁會 17
董座 17
邱于 17
身障 17
僑胞 17
對抗 17
慶 17
整理 17
陸軍 17
不願 17
時候 17
閃靈 17
桃 17
休息 17
回顧 17
敬老 17
出身 17
當時 17
大眾 17
花錢 17
招 17
確認 17
得票 17
說明會 17
幹嘛 17
事情 17
會員 17
方便 17
桃市 17
第四 17
重提 17
揭 17
朱立倫批 17
林鶴明 17
頻頻 17
訊息 17
情況 17
動 17
旅遊 17
日勝生 17
閃 17
佐 17
綠能 17
報到 17
伊梓帆 17
丟臉 17
KUSO 17
撤回 17
重 17
入股 17
老柯 17
費 17
保留 17
防災 17
勘災 17
阻 17
越 17
初選 17
累 17
下令 17
次數 17
南港 17
退輔會 17
可怕 17
自願 17
補課 17
李昆澤 17
下修 17
各界 17
合宜 17
中研 17
減稅 17
自治 17
萬戶 17
簡單 17
造假 17
詰問 17
宗教 17
所稅 17
觀點 17
成效 17
它 17
華府 17
冒雨 17
重建 17
賺錢 17
想起 17
缺 17
負債 17
安心 17
勞團 17
國民黨中常委 17
加碼 17
遷建 17
狂 17
跳針 17
表 17
鄭汝芬 17
戳破 17
倍 17
宋瑩配 17
理解 17
符合 17
下滑 17
朱王配 17
夫婦 17
協定 17
酒 17
逝世 17
建言 17
炒股 17
老闆 17
驚呼 17
譏 17
鄭永金 17
交 17
太太 17
晚宴 17
定義 17
方法 17
百年 17
目的 17
指示 17
結果 17
主導 17
告發 17
代言 17
非核 17
兼任 17
黑馬 17
軍售 17
島 17
攻防 17
民生 17
首要 17
傳喚 17
飛 17
共產黨 17
要當 17
解散 17
使用 17
畫家 17
一下 17
勝出 17
違 17
意圖 17
菸 17
副議長 17
算 17
情報員 17
反彈 17
葉毓蘭 17
驕傲 17
崛起 17
票價 17
嘉 17
觀光客 17
潘建志 17
申誡 17
停水 17
退休金 17
小平 17
健檢 17
國教 17
身分證 17
犯罪 17
樁 17
扮 17
天然 17
依 17
軍事 17
發出 16
受害者 16
尚未 16
社區 16
國民黨員 16
帶走 16
南院 16
促進 16
下一代 16
外長 16
江 16
職務 16
各 16
控告 16
府方 16
下週一 16
不負責任 16
收回 16
返國 16
700 16
良好 16
庸 16
童仲彥 16
並 16
江宜 16
狀況 16
馮 16
改成 16
家園 16
高婉倩 16
表示 16
含淚 16
約 16
反酸 16
產 16
逮捕 16
落淚 16
討好 16
憂心 16
奧步 16
廢柱 16
幹部 16
原民 16
兼 16
燈泡 16
蕾 16
忠信 16
觀禮 16
省長 16
譙 16
建交 16
南下 16
朱立倫提 16
打手 16
越南 16
首 16
四年 16
莊瑞雄 16
交通部長 16
紫光 16
農地 16
罰款 16
32 16
促轉 16
風災 16
考察 16
數字 16
Selina 16
關 16
前朝 16
遷 16
金溥聰 16
櫂 16
天王 16
保證金 16
這位 16
互槓 16
槓 16
夫人 16
自打 16
損失 16
豪華 16
劉世芳 16
願望 16
競總 16
更新 16
彭文正 16
犯 16
的話 16
暗批 16
瘋傳 16
親 16
票數 16
踩 16
323 16
交給 16
杜正勝 16
修改 16
服裝 16
人要 16
體制 16
豪 16
看守 16
舉報 16
高興 16
正確 16
長髮 16
雙重標準 16
魏揚 16
地案 16
暴怒 16
前後 16
部落 16
關廠 16
草協 16
寶清 16
批柯 16
毫無 16
抗爭 16
新加坡 16
德福 16
一哩路 16
在野 16
工廠 16
兩極 16
大喊 16
Voting 16
跳 16
霸凌 16
主席台 16
慣例 16
即將 16
騎士 16
延長 16
開工 16
趕 16
拱 16
最佳 16
二度 16
綠批 16
送暖 16
喬 16
訪台 16
能源 16
教訓 16
白色 16
深夜 16
水準 16
經營 16
改造 16
上陣 16
檢調 16
議場 16
GDP 16
瘦肉精 16
交互 16
反觀 16
官方 16
款 16
強 16
專刊 16
挨告 16
挺小英 16
上訴 16
惡鬥 16
林俊憲 16
新閣 16
灣 16
友社 16
教官 16
李鴻鈞 16
29 16
多元 16
避談 16
還原 16
BBC 16
不談 16
可愛 16
差點 16
判斷 16
小學生 16
框架 16
樂見 16
社宅 15
較勁 15
怒吼 15
敏感 15
直選 15
搜案 15
爭 15
振源 15
各政黨 15
漆 15
董事 15
凍 15
適用 15
具體 15
陳長文 15
小黨 15
優惠 15
女童 15
入黨 15
浮洲 15
痛苦 15
撕 15
掃 15
世凱 15
隔空 15
貪腐 15
曉得 15
左 15
扯後腿 15
藤雄 15
災害 15
手 15
不公 15
共諜 15
禮讓 15
報警 15
孫文 15
頒 15
文說 15
券 15
裝 15
族 15
對外 15
好事 15
怎 15
仗 15
貴 15
盧秀燕 15
梗 15
大團結 15
培養 15
誹謗 15
鄉 15
頂新案 15
本來 15
加重 15
應變 15
環評 15
一審 15
降低 15
擠爆 15
對內 15
葉俊榮 15
一家親 15
炒地 15
嘉市 15
國籍 15
科技 15
成民眾 15
暗諷 15
腳踏車 15
底定 15
入境 15
適當 15
唱歌 15
憲政 15
認識 15
籤 15
千元 15
文創 15
馬上 15
法師 15
一切 15
英派 15
反批 15
Ｃ 15
追殺 15
路過 15
邱義仁 15
內定 15
郭董 15
按 15
空勤 15
助 15
市案 15
捧 15
鎖定 15
22K 15
成長 15
800 15
發局 15
嗡 15
被判 15
IC 15
法國 15
斷章取義 15
特定 15
告別 15
吳釗燮 15
一人 15
議事 15
保基 15
單純 15
敵人 15
無關 15
不變 15
陳明義 15
機要 15
電台 15
關說 15
眾 15
參拜 15
延伸 15
盲點 15
OK 15
保障 15
失職 15
老婆 15
Google 15
勝文 15
羅致 15
釐清 15
慘敗 15
法界 15
400 15
砸 15
38 15
費用 15
晚 15
祝 15
證據 15
原 15
兒童 15
治安 15
朱辦 15
免簽 15
進度 15
雜誌 15
歐盟 15
范 15
出動 15
未過 15
46 15
守護 15
新聞稿 15
南台 15
一個月 15
蚊子 15
英雄 15
戰場 15
爛 15
駁回 15
進駐 15
漲 15
氣勢 15
遊法 15
大案 15
平等 15
從沒 15
當面 15
無視 15
全部 15
直言 15
租 15
3000 15
之握 15
火 15
龍 15
弟弟 15
住民 15
生命 15
生活 15
匿名 15
掌握 15
定位 15
牽 15
年內 15
半年 15
愛國 15
美河 15
立即 15
潘懷宗 15
害 15
級 15
勞軍 14
口水 14
珍貴 14
蕭萬長 14
另 14
日方 14
老公 14
家 14
昭 14
上將 14
閉門 14
雄文 14
暴衝 14
翻天 14
東縣 14
虧 14
不動產 14
招商 14
28 14
恭喜 14
虧損 14
財務 14
...... 14
蔡籲 14
形容 14
紅線 14
以後 14
BRT 14
漁 14
品質 14
嗨 14
黨工 14
股票 14
拔柱 14
拒進 14
表情 14
各自 14
忘記 14
強國 14
看不到 14
郭台銘 14
說服 14
宜蘭縣 14
下去 14
王惠美 14
得票率 14
黨中央 14
盤點 14
婚禮 14
主管 14
未提 14
清廉 14
被問 14
依據 14
恰當 14
強制 14
過境 14
po 14
操弄 14
波多野 14
官網 14
終極 14
I 14
不行 14
街 14
停 14
前往 14
聯手 14
邀請 14
通知 14
正妹 14
泛藍 14
走光照 14
經部 14
停車 14
國道 14
大典 14
螺絲 14
堅定 14
彭文 14
國賠 14
遺體 14
座 14
送禮 14
寶寶 14
作家 14
辦事處 14
免 14
借 14
稱讚 14
下跪 14
族群 14
以為 14
成本 14
中甘 14
發酵 14
檢驗 14
勇 14
受訪 14
拍照 14
最強 14
細數 14
補償 14
保 14
廢票 14
邊 14
課本 14
+ 14
見證 14
報紙 14
匾額 14
騙票 14
吾 14
出線 14
矛盾 14
BOT 14
衝擊 14
抵 14
現 14
任黨 14
熊本 14
除役 14
筆 14
梅健華 14
我要 14
齊聚 14
隔天 14
官兵 14
談完 14
低迷 14
央視 14
特展 14
游梓翔 14
痛罵 14
公懲 14
基礎 14
整碗 14
決策 14
發揮 14
揭露 14
獲利 14
上午 14
二備 14
審議 14
率團 14
維安 14
李晏榕 14
聽到 14
確保 14
答詢 14
爬 14
免職 14
午餐 14
醫院 14
蔡英 14
洩密 14
黨籍 14
闖 14
進士 14
狠 14
食品 14
縣市長 14
吳念 14
總經理 14
帶來 14
立牌 14
大將 14
改進 14
媒 14
單身 14
敢 14
痛心 14
史 14
模糊 14
凸顯 14
調查局 14
遴選 14
689 14
直升機 14
設置 14
會長 14
嶔 14
煌 14
水 14
美前 14
人馬 14
藍批 14
林右昌 14
祈禱 14
文彬 14
理性 14
浪漫 14
就算 14
公 14
撤銷 14
門神 14
總會 14
嫌犯 14
芸 14
誠實 14
支票 14
指標 14
問政 14
警報 14
遣送 14
東亞 14
邱顯 14
換新 14
笑話 14
場地 14
入侵 14
憑 14
郝明義 14
回歸 14
給問 14
唱國歌 14
中生 14
銷毀 14
神隱 14
老兵 14
跟進 14
本週 14
穩健 14
朱玄 13
屋 13
主軸 13
花蓮縣 13
利用 13
百姓 13
震撼 13
主流 13
默契 13
首波 13
遠傳 13
難道 13
戰帖 13
引熱議 13
籍 13
彰縣 13
一卡通 13
好多 13
七月 13
畢業 13
口譯 13
催 13
黑心 13
工具 13
動保 13
大老 13
教科書 13
救國團 13
告知 13
盟 13
懲戒 13
肥貓 13
無權 13
漏報 13
優質 13
正在 13
找回 13
呼應 13
傾聽 13
黨徽 13
解套 13
K 13
大使 13
辦公 13
問到 13
上網 13
公佈 13
政務官 13
指馬 13
機 13
致謝 13
友人 13
空降 13
一條 13
姐 13
再戰 13
考紀 13
松山機場 13
業 13
蘇起 13
風雨 13
官媒 13
志芳 13
賽 13
衛福 13
不錯 13
MG149 13
透過 13
紅包 13
環保署 13
楊曜 13
軍機 13
接管 13
拍板 13
樹黨 13
潘文忠 13
心聲 13
停工 13
占用 13
宜康諷 13
江惠貞 13
婚宴 13
大勝 13
苦瓜 13
李志鏞 13
勞動 13
元首 13
史料 13
隊 13
新任 13
室 13
重回 13
沈富雄 13
動工 13
自家人 13
局 13
笨 13
空 13
敬佩 13
借鏡 13
製圖 13
包圍 13
蔡正元批 13
內部 13
朱換柱 13
病床 13
出門 13
平權 13
爸爸 13
坪 13
機密 13
對象 13
趙少康 13
弔 13
強勢 13
關懷 13
投給 13
高齡 13
實踐 13
甩 13
集團 13
會見 13
支出 13
檢方 13
神明 13
孤單 13
預期 13
春聯 13
節 13
論戰 13
不爽 13
狗 13
不算 13
生效 13
尾 13
妻子 13
災情 13
名字 13
揪 13
舞台 13
雲林縣 13
激戰 13
隨 13
癱瘓 13
新台灣 13
統戰 13
自然 13
認 13
洪孟啟 13
調職 13
一再 13
鹿港 13
福利 13
張鎔麒 13
北上 13
婦聯會 13
孫中山 13
驅離 13
妥協 13
喊卡 13
擊敗 13
爆炸 13
軍演 13
蒐 13
幽默 13
隊友 13
議會黨團 13
軍官 13
撇清 13
教改 13
好像 13
文章 13
子 13
民怨 13
子瑜 13
批朱 13
突然 13
友善 13
想想 13
地球 13
憶 13
闖關 13
已有 13
vs 13
換掉 13
博文 13
洗腦 13
法治 13
擺脫 13
獲頒 13
彩虹 13
多數 13
台語 13
採訪 13
健保 13
拍桌 13
票選 13
防洪 13
新店 13
感言 13
嘉南 13
興奮 13
記得 13
追 13
介紹 13
醫界 13
主 13
勇氣 13
效果 13
戴季 13
復交 13
罪 13
愛心 13
父母 13
英仁 13
誤會 12
不然 12
冗事 12
帶頭 12
中風 12
旋風 12
患 12
猜 12
三井 12
汐止 12
不合 12
審判 12
長期 12
紅色 12
淪 12
平安 12
聯合國 12
解讀 12
選項 12
之後 12
導演 12
喊停 12
拜託 12
管理 12
不需 12
光光 12
不宜 12
驗票 12
實力 12
初衷 12
違建 12
吹 12
保險 12
曹 12
國書 12
卡位 12
非典型 12
全數 12
表揚 12
違憲 12
敲定 12
續留 12
行政院長 12
列席 12
確實 12
兩件事 12
提升 12
回擊 12
謠言 12
淪為 12
真是 12
屬意 12
國土 12
身價 12
菜 12
公務 12
結案 12
遭拒 12
逛 12
計劃 12
開玩笑 12
放下 12
松山 12
歡 12
禮遇 12
恐懼 12
歸 12
鴻源 12
睡 12
公關 12
求償 12
福州 12
感 12
打破 12
時刻 12
對付 12
可罰 12
神準 12
歐洲 12
方向 12
罹癌 12
嘴 12
昭姿 12
特勤 12
地檢署 12
娶 12
粗暴 12
史明 12
世衛 12
看看 12
季全 12
空氣 12
八年 12
秦慧珠 12
不解 12
營建 12
淮南 12
同性 12
哪來 12
主動 12
廠 12
期 12
盼台灣 12
交火 12
受邀 12
開打 12
主持人 12
搞笑 12
黨立委 12
二戰 12
公職 12
統獨 12
殺人 12
學 12
蘇迪勒 12
受傷 12
距離 12
話題 12
揭曉 12
熱議 12
面前 12
開庭 12
布 12
空頭支票 12
北高 12
除非 12
燈會 12
吸睛 12
永不 12
恐成 12
導致 12
人家 12
監控 12
後面 12
綁架 12
事前 12
搶先 12
高官 12
反課 12
警局 12
務實 12
作風 12
李明賢 12
會開 12
七 12
秘書 12
配套 12
記過 12
聯合報 12
岸信 12
蔡習 12
失去 12
深入 12
沒什麼 12
太久 12
地位 12
玄機 12
系統 12
早已 12
徵收 12
答應 12
離職 12
閉幕 12
不畏 12
邱議瑩 12
出發 12
親中 12
來源 12
頭痛 12
重演 12
而已 12
論文 12
網媒 12
期末考 12
算了 12
好笑 12
秘辛 12
戰將 12
改編 12
抱 12
追查 12
無人機 12
講話 12
54 12
抵台 12
徹底 12
財經 12
官舍 12
特偵組 12
師生 12
地下 12
勉勵 12
高金素梅 12
在野黨 12
錯愕 12
新聞自由 12
鬥爭 12
怒罵 12
黑金 12
不來 12
建國 12
票源 12
邦交國 12
廉價 12
干預 12
嘲諷 12
營 12
拿到 12
惡搞 12
訪中 12
頭份 12
除爛委 12
東西 12
不准 12
蒜 12
聚焦 12
拍賣 12
成語 12
獲釋 12
這兩點 12
不換 12
詐騙案 12
聯貸 12
Taiwan 12
涉案 12
體育 12
影射 12
南投縣 12
牛肉 12
放屁 12
外交部長 12
2000 12
具 12
軍隊 12
美國務院 12
黑鷹 12
揭牌 12
每個 12
黑 12
夜市 12
調漲 12
某人 12
女孩 12
徹查 12
插 12
意思 12
想法 12
長征 12
思想 12
疑慮 12
壞 12
派系 12
城 12
智強 12
不佳 12
腦袋 12
志願 12
吳宜臻 12
規則 12
設立 12
事業 12
委 12
補 12
出招 12
搭檔 12
自我 12
珍惜 12
領 12
MERS 12
進軍 11
擺爛 11
31 11
1.5 11
稿 11
走訪 11
舉債 11
炒作 11
賤租 11
滅火器 11
列出 11
歌 11
囉 11
誣告 11
歸零 11
贊同 11
兩樣 11
彈 11
小英要 11
閣 11
得到 11
參考 11
長青 11
露 11
自我感覺 11
火藥味 11
藍天 11
此事 11
籌碼 11
國外 11
蛙人 11
義務 11
賴中強 11
燒 11
一戰 11
推廣 11
週日 11
退將 11
傳統 11
宴請 11
盡 11
不給 11
間 11
吞 11
將與 11
搞錯 11
馮世寬 11
根德 11
撕裂 11
陳瑩 11
連線 11
輕生 11
買賣 11
同步 11
王寶萱 11
允 11
反諷 11
公評 11
革命 11
敘 11
高歌 11
王派 11
謝謝 11
報名 11
后 11
耍 11
意 11
舒服 11
令 11
護童 11
將被 11
TVBS 11
一半 11
誠意 11
紅 11
抹 11
玄稱 11
興建 11
交往 11
新春 11
草率 11
燒炭 11
看出 11
下降 11
家長 11
癡癡 11
涉詐 11
雙北 11
良心 11
犧牲 11
男人 11
帶動 11
暴增 11
吉 11
之訴 11
眼睛 11
宣戰 11
633 11
張大 11
公會 11
屏 11
破磚 11
哀悼 11
抽到 11
劍 11
落地 11
洛杉磯 11
獻花 11
風險 11
寒害 11
73 11
並行 11
正視 11
應有 11
手段 11
停審 11
換將 11
選委會 11
時期 11
給他 11
外國 11
批賴 11
車站 11
承諾書 11
漏洞 11
條 11
增 11
黨章 11
實現 11
清 11
不彰 11
失能 11
雲豹 11
界 11
國民黨中央 11
平反 11
廢止 11
圓仔 11
隨行 11
調到 11
周玉蔻批 11
來訪 11
制 11
醫療 11
評馬習 11
全黨 11
漲價 11
攻台 11
旅 11
互相 11
唸 11
綠委爆 11
擺烏龍 11
士林 11
憲 11
葉 11
違停 11
捲入 11
堅稱 11
郭位 11
母雞 11
機關 11
首例 11
李俊 11
昨 11
宣誓 11
訪視 11
沃草 11
舉 11
身體 11
身影 11
駐美 11
典禮 11
全上 11
侵占 11
兩種 11
中油 11
至今 11
中堂 11
揶揄 11
樂 11
曙光 11
陷入 11
結訓 11
教練機 11
化身 11
相 11
放假 11
近期 11
簽結 11
朱立倫籲 11
洪智坤 11
盯上 11
能否 11
勸進 11
Doris 11
頻傳 11
多位 11
債務 11
省 11
張盛 11
冥紙 11
方仰寧 11
版本 11
不太 11
第一槍 11
瘋 11
凍結 11
核心 11
列入 11
第一次 11
刺激 11
好吃 11
遷移 11
打分數 11
綠委酸 11
從未 11
窗期 11
方丈 11
離席 11
預估 11
後續 11
首日 11
沒來 11
院士 11
一幕 11
打開 11
書面 11
丈夫 11
華航 11
藝文 11
最有 11
背景 11
就業 11
好人 11
俋 11
製 11
宋瑩 11
結盟 11
放寬 11
研發 11
一票 11
塞車 11
脫節 11
集結 11
網軍 11
撂 11
一席 11
黑手 11
分配 11
一邊 11
拍片 11
握 11
隆隆 11
托育 11
公務車 11
教材 11
太平 11
遭諷 11
上街 11
夫 11
高呼 11
竟有 11
掏空 11
黑暗 11
經長 11
代言人 11
許毓仁 11
少子 11
顏純 11
法務 11
多次 11
遭疑 11
改建 11
考試 11
致 11
蔡宋 11
第一天 11
升級 11
簽證 11
金管會 11
裡 11
同仁 11
扮演 11
法規 11
溫情 11
失 11
麻煩 11
典範 11
速 11
打電話 11
方 11
本報 11
北投 11
一場 11
150 11
APP 11
傷患 11
溫家寶 11
戒嚴 11
葉菊 11
彥 11
美麗 11
地盤 11
開天窗 11
66 11
吳宗憲 11
頂多 11
嘴巴 11
滿檔 11
旺 11
記錄 11
書店 11
開支票 11
發行 11
居然 11
時報 11
葉宜津 11
國會議員 11
覺醒 11
案件 11
接手 10
生氣 10
咖啡 10
層級 10
核定 10
五月天 10
必須 10
學弟 10
不像 10
勸退 10
新制 10
美軍 10
林國春 10
接軌 10
容易 10
出院 10
半夜 10
高雄市 10
動土 10
女版 10
遲來 10
中台灣 10
火車站 10
China 10
強震 10
聲望 10
作戰 10
扭曲 10
DPP 10
激動 10
收拾 10
糾紛 10
甲車 10
權利 10
以前 10
三個 10
萬人宴 10
政院擬 10
知情 10
屆 10
挑釁 10
電 10
作者 10
手上 10
限縮 10
公告 10
存證 10
拿出 10
分組 10
取經 10
守住 10
廢核 10
來看 10
還會 10
司法院 10
吳琪銘 10
夏張會 10
永和 10
結婚 10
完工 10
超萌 10
要角 10
北韓 10
致電 10
宣言 10
給柯 10
三隻 10
背信 10
天堂 10
傳將 10
寄 10
吃豆腐 10
開罰 10
變革 10
推銷 10
勞乃成 10
遞 10
逢 10
海線 10
變化 10
轉向 10
上校 10
首批 10
移交 10
東南亞 10
房子 10
下場 10
我當 10
團總召 10
忽略 10
集中 10
新村 10
社運 10
田智宣 10
全力以赴 10
獎勵 10
昨晚 10
菜色 10
缺口 10
文治 10
人有 10
刪除 10
自認 10
助選員 10
見識 10
召集人 10
命案 10
政風 10
國務 10
冤案 10
劉文雄批 10
週一 10
流感 10
特權 10
嘛 10
棒 10
部分 10
聽說 10
告急 10
與否 10
性 10
親合 10
對方 10
公益 10
延後 10
博士 10
再次 10
比利時 10
演唱會 10
強拆 10
國民 10
對岸 10
讓步 10
去問 10
啥 10
葉匡時 10
朱玄配 10
群 10
臉書開 10
PK 10
中彰 10
紹 10
不容 10
台酒 10
學術 10
朱宋 10
上場 10
運作 10
代表處 10
財政部 10
存廢 10
某個 10
護 10
戕害 10
說瞎話 10
望 10
鄉鎮 10
靠北 10
屁事 10
復出 10
張圖 10
確立 10
聯絡 10
集體 10
另類 10
明星 10
取暖 10
大位 10
評小英 10
嚴正 10
兆 10
實質 10
99 10
省錢 10
斷交 10
WHO 10
止血 10
憲兵隊 10
人格 10
萬華 10
索取 10
換俘 10
年增 10
破冰 10
第一步 10
縣民 10
訪問 10
聲浪 10
阻止 10
退伍 10
鄧振中 10
定期 10
文獻 10
辜寬敏 10
在意 10
釋憲 10
吳育仁 10
反毒 10
振興 10
撲滿 10
收割 10
36 10
副部長 10
射擊 10
投族 10
粉絲團 10
自家 10
仇恨 10
深化 10
美日 10
白目 10
病人 10
回鍋 10
甲級 10
總隊 10
賤賣 10
風範 10
難民 10
鉛管 10
身心 10
上線 10
開除黨籍 10
災民 10
第二輪 10
那天 10
就要 10
要來 10
引橋 10
堅守 10
今日 10
清水 10
傳票 10
潑水 10
抱屈 10
大聲 10
藝人 10
領袖 10
冷血 10
刑事 10
防線 10
期間 10
倒戈 10
週四 10
酸馬 10
工 10
汽油彈 10
爽領 10
張雅屏 10
法源 10
球 10
黨內人士 10
遊戲 10
反核 10
回台 10
客語 10
難以 10
台聯黨 10
台灣隊 10
性愛 10
佩服 10
創 10
將任 10
拿掉 10
微博 10
週三 10
成形 10
保護傘 10
走紅 10
半套 10
除了 10
林洲民 10
財政部長 10
書記長 10
架 10
三黨 10
沈 10
倉 10
有望 10
技術 10
角力 10
歸隊 10
句 10
駐日 10
一言堂 10
放過 10
兌現 10
不服 10
奇蹟 10
遇到 10
縮水 10
公款 10
媽 10
共軍 10
緊急 10
負起 10
哥哥 10
黑函 10
反控 10
報系林 10
憨人 10
安樂 10
天天 10
縣 10
毯 10
發給 10
為民 10
一種 10
獲得 10
志工 10
屏東縣 10
戶 10
機械 10
好消息 10
開刀 10
現狀 10
公督盟 10
2015 10
評價 10
求 10
用人 10
爛攤子 10
怒斥 10
義不容辭 10
圖解 10
三大 10
發函 10
東京 10
突圍 10
收費員 10
瑞芳 10
亂象 10
魏明谷 10
恐怖份子 10
鄰里 10
動漫 10
修憲 10
批判 10
颱風天 10
被訴 10
新城 10
臺灣 10
分局 10
往 10
直指 10
疏失 10
資安 10
待 10
新竹縣 10
將有 10
最低 10
搏 10
Ａ 10
扛 10
起底 10
戰車 10
旗 10
55 10
失蹤 10
再審 10
這項 10
烏來 10
納稅錢 10
1000 10
天安門 10
無望 10
放水 10
盡力 10
搶手 10
人形 10
白恐 10
屬 10
拆屋 10
永續 10
台下 10
下次 10
差別待遇 10
釋 10
明確 10
審計部 10
刑責 9
讓利 9
觀感 9
合影 9
轉述 9
綠委提 9
沒空 9
何要 9
感念 9
喪權辱國 9
抓賄 9
遣 9
8000 9
心態 9
區長 9
爛帳 9
動員令 9
比賽 9
整個 9
偷走 9
傳達 9
財長 9
立刻 9
西藏 9
看過 9
擺 9
抬頭 9
留學生 9
蔡明憲 9
整治 9
是不是 9
許志 9
買辦 9
密 9
頻道 9
開槍 9
改制 9
無力 9
展示 9
閱卷 9
鴿子 9
湯案 9
論述 9
同學會 9
府院 9
紅眼 9
懊惱 9
學界 9
初體驗 9
出國考察 9
無心 9
困擾 9
急統 9
出售 9
反攻大陸 9
法制化 9
電視辯論 9
撰文 9
時機 9
打敗 9
檔 9
講稿 9
工務局 9
差異 9
台聯要 9
大談 9
人權法 9
僅剩 9
歐習 9
少數 9
我還 9
揪團 9
外流 9
軍種 9
終身 9
幽靈 9
場 9
同一 9
解職 9
提釋 9
洪朱 9
整體 9
基於 9
拿下 9
邱志偉 9
歌曲 9
死掉 9
充滿 9
一夜 9
出局 9
疑點 9
小額 9
支 9
雙英 9
瀆職 9
閉嘴 9
命運 9
他批 9
措施 9
幹 9
搜查 9
額度 9
中山 9
老榮民 9
明日 9
預防性 9
熄燈 9
屁股 9
營區 9
漠視 9
甦 9
突襲 9
服務社 9
寄望 9
素人 9
忍不住 9
貪汙 9
上演 9
罩 9
管仁健 9
採取 9
緩頰 9
規避 9
當初 9
歐珀 9
假補班 9
豐富 9
殺 9
僑界 9
劇 9
色彩 9
吵 9
將訪 9
處女秀 9
吳澤成 9
吃醋 9
公視 9
端 9
中華民國政府 9
捕魚 9
年薪 9
走狗 9
聯立 9
電影節 9
即時 9
建物 9
維權 9
所宗 9
仲裁 9
跨年 9
觀音 9
有意 9
標語 9
首投族 9
夢碎 9
..... 9
41 9
接棒 9
迎 9
還不 9
所有人 9
包商 9
低價 9
機票 9
聶永真 9
簽約 9
冤家 9
再現 9
莫 9
熱鬧 9
優秀 9
貼標籤 9
高度 9
中壢 9
禮賓 9
限 9
睿哲 9
模範 9
通關 9
93 9
經濟部長 9
不停 9
國情 9
高氏 9
夜間 9
格局 9
經濟艙 9
修憲案 9
批准 9
發誓 9
統籌 9
著選 9
雖 9
她們 9
太多 9
先來 9
林為洲 9
核廢料 9
雙 9
蒐證 9
房 9
5000 9
孫大千 9
睜眼 9
春 9
信函 9
停車場 9
婦團 9
反廢死 9
賑災 9
公開信 9
服務處 9
新政 9
經濟學 9
性別 9
張肇良 9
兩次 9
64 9
嫁 9
宗親會 9
灌爆 9
許添財 9
有趣 9
街友 9
二審 9
響應 9
公祭 9
認罪 9
絕不會 9
長達 9
累計 9
卜 9
相見 9
懷疑 9
月薪 9
孫立群 9
離婚 9
若洪秀柱 9
護樹 9
加班 9
刁難 9
激情 9
反問 9
戰火 9
跪 9
氣氛 9
親戚 9
高廣圻 9
600 9
家鄉 9
怪怪的 9
翟神 9
被騙 9
驚人 9
林苑 9
貸款 9
諷馬 9
李翔宙 9
跑道 9
盟邦 9
阿輝伯 9
應負 9
逃漏稅 9
草莓 9
跌破 9
送醫 9
品牌 9
卿 9
認定 9
矽谷 9
TAIWAN 9
設宴 9
常態 9
逮 9
律師團 9
多人 9
破紀錄 9
屬於 9
介質 9
專法 9
有效 9
只見 9
門 9
互控 9
盼小英 9
母 9
聲勢 9
野火 9
異動 9
鄭秀玲 9
朱立倫談 9
失事 9
咬 9
告吹 9
諮商 9
洪營 9
治理 9
禁用 9
開出 9
欣賞 9
帳號 9
海陸 9
消息 9
特使 9
飆罵 9
挺柱民眾 9
強押 9
涉浩鼎案 9
份子 9
排 9
局勢 9
艱難 9
自比 9
封 9
調度 9
黨職 9
中影 9
證書 9
押 9
負擔 9
下文 9
天氣 9
修訂 9
激怒 9
文化局 9
接機 9
審理 9
退役 9
累積 9
僑委會 9
台南人 9
感性 9
最愛 9
誰當 9
尺 9
告別式 9
英政府 9
股東 9
Line 9
77 9
抨擊 9
功課 9
真話 9
凌晨 9
玄買 9
應是 9
痛恨 9
出包 9
專區 9
瘋狂 9
道具 9
查帳 9
數度 9
比例 9
高教 9
首相 9
各校 9
享壽 9
簽字 9
吵架 9
理 9
值 9
建築 9
看馬習 9
藏頭詩 9
營造 9
戰區 9
那個 9
翻盤 9
所以 9
治水 9
柔性 9
解聘 9
還好 9
長輩 9
冷靜 9
太平洋 9
境外 9
宅神 9
暫時 9
痛哭 9
案子 9
不要臉 9
搞不清 9
酸爆 9
東聖 9
橘 9
以用 9
過度 9
廟 9
交戰 9
茶 9
遊說 9
剩下 9
永昌 9
101 9
​ 9
擄人 9
三度 9
棣 9
進攻 9
霸佔 9
詐騙犯 9
名言 9
心得 9
工會 9
地點 9
多點 9
笨蛋 9
列名 9
提修法 9
反而 9
禮 9
通敵 9
先辭 9
費率 9
貪污 9
侍衛長 9
成軍 9
緊盯 9
居住 9
期盼 9
盡快 9
微笑 9
心裡 9
失業 9
言 9
橫掃 9
情勢 9
引進 9
農損 9
傳出 9
一級 9
必要性 9
一刻 9
爆紅 9
強烈 9
益世 9
李進 9
住院 9
家庭 9
狂酸 9
紓 9
頭版 9
對比 9
路網 9
掛 9
職權 9
朱炳坤 9
恐龍 9
朱立倫應 9
新人 9
變數 9
阿中 9
促成 9
瓜分 9
韓國 9
傷痛 9
民主化 9
獲准 9
搖滾 9
冷清 9
大膽 9
